<?xml version="1.0" encoding="UTF-8"?>
<testsuites name="Demo" time="45" tests="0" failures="0" errors="3">
   <testsuite name="Demo" tests="0" failures="0" errors="3" time="45" timestamp="2018-02-22 13:47:22" hostname="bashah - L005401.Apttus.local" id="Test Suites/Demo">
      <properties>
         <property name="deviceName" value=""/>
         <property name="devicePlatform" value=""/>
         <property name="logFolder" value="C:\\Users\\bashah\\Katalon Studio\\TestdataAutomation\\Reports\\Demo\\20180222_134718"/>
         <property name="logFiles" value="C:\\Users\\bashah\\Katalon Studio\\TestdataAutomation\\Reports\\Demo\\20180222_134718\\execution0.log"/>
         <property name="attachments" value=""/>
         <property name="hostName" value="bashah - L005401.Apttus.local"/>
         <property name="os" value="Windows 10 64bit"/>
         <property name="katalonVersion" value="5.3.0.1"/>
         <property name="browser" value="Firefox 58.0"/>
         <property name="hostAddress" value="10.13.10.136"/>
         <property name="sessionId" value="b1495f4e-4b71-4eb5-a563-c11b46c26c36"/>
         <property name="seleniumVersion" value="3.7.1"/>
         <property name="proxyInformation" value="ProxyInformation{proxyOption=NO_PROXY, proxyServerType=HTTP, password=, proxyServerAddress=, proxyServerPort=0}"/>
         <property name="platform" value="Windows 10"/>
      </properties>
      <testcase name="Test Cases/Main Test Cases/testdata" classname="Test Cases/Main Test Cases/testdata" status="ERROR">
         <error type="ERROR" message="Test Cases/Main Test Cases/testdata FAILED because (of) groovy.lang.MissingMethodException: No signature of method: static com.kms.katalon.core.webui.keyword.WebUiBuiltInKeywords.setText() is applicable for argument types: (com.kms.katalon.core.testobject.TestObject, java.lang.String, java.lang.Integer) values: [TestObject - 'Object Repository/Page_Login  Salesforce/input_username', ...]
Possible solutions: setText(com.kms.katalon.core.testobject.TestObject, java.lang.String), setText(com.kms.katalon.core.testobject.TestObject, java.lang.String, com.kms.katalon.core.model.FailureHandling), getText(com.kms.katalon.core.testobject.TestObject), getText(com.kms.katalon.core.testobject.TestObject, com.kms.katalon.core.model.FailureHandling)"/>
         <system-out><![CDATA[2018-02-22 13:47:23 - [TEST_CASE][ERROR] - Test Cases/Main Test Cases/testdata: Test Cases/Main Test Cases/testdata FAILED because (of) groovy.lang.MissingMethodException: No signature of method: static com.kms.katalon.core.webui.keyword.WebUiBuiltInKeywords.setText() is applicable for argument types: (com.kms.katalon.core.testobject.TestObject, java.lang.String, java.lang.Integer) values: [TestObject - 'Object Repository/Page_Login  Salesforce/input_username', ...]
Possible solutions: setText(com.kms.katalon.core.testobject.TestObject, java.lang.String), setText(com.kms.katalon.core.testobject.TestObject, java.lang.String, com.kms.katalon.core.model.FailureHandling), getText(com.kms.katalon.core.testobject.TestObject), getText(com.kms.katalon.core.testobject.TestObject, com.kms.katalon.core.model.FailureHandling)

2018-02-22 13:47:24 - [TEST_STEP][PASSED] - Statement - data = com.kms.katalon.core.testdata.TestDataFactory.findTestData(data): Reading excel file with source file 'C:\Users\bashah\Documents\data.xlsx' and sheet name 'Sheet1'

2018-02-22 13:47:26 - [TEST_STEP][PASSED] - Statement - For (def index : (0..(data.getRowNumbers() - 1))): Finding Test Object with id 'Object Repository/Page_Login  Salesforce/input_username'

2018-02-22 13:47:26 - [TEST_STEP][PASSED] - openBrowser: Browser is opened with url: ''

2018-02-22 13:47:35 - [MESSAGE][PASSED] - Browser is opened with url: ''

2018-02-22 13:47:35 - [TEST_STEP][PASSED] - navigateToUrl: Navigate to 'https://myapplications--devfull.cs93.my.salesforce.com/' successfully

2018-02-22 13:47:39 - [MESSAGE][PASSED] - Navigate to 'https://myapplications--devfull.cs93.my.salesforce.com/' successfully

2018-02-22 13:47:39 - [TEST_STEP][PASSED] - doubleClick: Object: 'Object Repository/Page_Login  Salesforce/input_username' is double clicked on

2018-02-22 13:47:39 - [MESSAGE][PASSED] - Object: 'Object Repository/Page_Login  Salesforce/input_username' is double clicked on

2018-02-22 13:47:39 - [TEST_STEP][PASSED] - doubleClick: Object: 'Object Repository/Page_Login  Salesforce/input_username' is double clicked on

2018-02-22 13:47:40 - [MESSAGE][PASSED] - Object: 'Object Repository/Page_Login  Salesforce/input_username' is double clicked on

2018-02-22 13:47:40 - [TEST_STEP][PASSED] - setText: Finding Test Object with id 'Object Repository/Page_Login  Salesforce/input_username']]></system-out>
         <system-err><![CDATA[2018-02-22 13:47:23 - [TEST_CASE][ERROR] - Test Cases/Main Test Cases/testdata: Test Cases/Main Test Cases/testdata FAILED because (of) groovy.lang.MissingMethodException: No signature of method: static com.kms.katalon.core.webui.keyword.WebUiBuiltInKeywords.setText() is applicable for argument types: (com.kms.katalon.core.testobject.TestObject, java.lang.String, java.lang.Integer) values: [TestObject - 'Object Repository/Page_Login  Salesforce/input_username', ...]
Possible solutions: setText(com.kms.katalon.core.testobject.TestObject, java.lang.String), setText(com.kms.katalon.core.testobject.TestObject, java.lang.String, com.kms.katalon.core.model.FailureHandling), getText(com.kms.katalon.core.testobject.TestObject), getText(com.kms.katalon.core.testobject.TestObject, com.kms.katalon.core.model.FailureHandling)]]></system-err>
      </testcase>
      <testcase name="Test Cases/Main Test Cases/testdata" classname="Test Cases/Main Test Cases/testdata" status="ERROR">
         <error type="ERROR" message="Test Cases/Main Test Cases/testdata FAILED because (of) groovy.lang.MissingMethodException: No signature of method: static com.kms.katalon.core.webui.keyword.WebUiBuiltInKeywords.setText() is applicable for argument types: (com.kms.katalon.core.testobject.TestObject, java.lang.String, java.lang.Integer) values: [TestObject - 'Object Repository/Page_Login  Salesforce/input_username', ...]
Possible solutions: setText(com.kms.katalon.core.testobject.TestObject, java.lang.String), setText(com.kms.katalon.core.testobject.TestObject, java.lang.String, com.kms.katalon.core.model.FailureHandling), getText(com.kms.katalon.core.testobject.TestObject), getText(com.kms.katalon.core.testobject.TestObject, com.kms.katalon.core.model.FailureHandling)"/>
         <system-out><![CDATA[2018-02-22 13:47:40 - [TEST_CASE][ERROR] - Test Cases/Main Test Cases/testdata: Test Cases/Main Test Cases/testdata FAILED because (of) groovy.lang.MissingMethodException: No signature of method: static com.kms.katalon.core.webui.keyword.WebUiBuiltInKeywords.setText() is applicable for argument types: (com.kms.katalon.core.testobject.TestObject, java.lang.String, java.lang.Integer) values: [TestObject - 'Object Repository/Page_Login  Salesforce/input_username', ...]
Possible solutions: setText(com.kms.katalon.core.testobject.TestObject, java.lang.String), setText(com.kms.katalon.core.testobject.TestObject, java.lang.String, com.kms.katalon.core.model.FailureHandling), getText(com.kms.katalon.core.testobject.TestObject), getText(com.kms.katalon.core.testobject.TestObject, com.kms.katalon.core.model.FailureHandling)

2018-02-22 13:47:40 - [TEST_STEP][PASSED] - Statement - data = com.kms.katalon.core.testdata.TestDataFactory.findTestData(data): Reading excel file with source file 'C:\Users\bashah\Documents\data.xlsx' and sheet name 'Sheet1'

2018-02-22 13:47:40 - [TEST_STEP][PASSED] - Statement - For (def index : (0..(data.getRowNumbers() - 1))): Finding Test Object with id 'Object Repository/Page_Login  Salesforce/input_username'

2018-02-22 13:47:40 - [TEST_STEP][PASSED] - openBrowser: Browser is opened with url: ''

2018-02-22 13:47:40 - [MESSAGE][WARNING] - A browser is already opened. Closing browser and opening a new one

2018-02-22 13:47:50 - [MESSAGE][PASSED] - Browser is opened with url: ''

2018-02-22 13:47:50 - [TEST_STEP][PASSED] - navigateToUrl: Navigate to 'https://myapplications--devfull.cs93.my.salesforce.com/' successfully

2018-02-22 13:47:53 - [MESSAGE][PASSED] - Navigate to 'https://myapplications--devfull.cs93.my.salesforce.com/' successfully

2018-02-22 13:47:53 - [TEST_STEP][PASSED] - doubleClick: Object: 'Object Repository/Page_Login  Salesforce/input_username' is double clicked on

2018-02-22 13:47:54 - [MESSAGE][PASSED] - Object: 'Object Repository/Page_Login  Salesforce/input_username' is double clicked on

2018-02-22 13:47:54 - [TEST_STEP][PASSED] - doubleClick: Object: 'Object Repository/Page_Login  Salesforce/input_username' is double clicked on

2018-02-22 13:47:54 - [MESSAGE][PASSED] - Object: 'Object Repository/Page_Login  Salesforce/input_username' is double clicked on

2018-02-22 13:47:54 - [TEST_STEP][PASSED] - setText: Finding Test Object with id 'Object Repository/Page_Login  Salesforce/input_username']]></system-out>
         <system-err><![CDATA[2018-02-22 13:47:40 - [TEST_CASE][ERROR] - Test Cases/Main Test Cases/testdata: Test Cases/Main Test Cases/testdata FAILED because (of) groovy.lang.MissingMethodException: No signature of method: static com.kms.katalon.core.webui.keyword.WebUiBuiltInKeywords.setText() is applicable for argument types: (com.kms.katalon.core.testobject.TestObject, java.lang.String, java.lang.Integer) values: [TestObject - 'Object Repository/Page_Login  Salesforce/input_username', ...]
Possible solutions: setText(com.kms.katalon.core.testobject.TestObject, java.lang.String), setText(com.kms.katalon.core.testobject.TestObject, java.lang.String, com.kms.katalon.core.model.FailureHandling), getText(com.kms.katalon.core.testobject.TestObject), getText(com.kms.katalon.core.testobject.TestObject, com.kms.katalon.core.model.FailureHandling)]]></system-err>
      </testcase>
      <testcase name="Test Cases/Main Test Cases/testdata" classname="Test Cases/Main Test Cases/testdata" status="ERROR">
         <error type="ERROR" message="Test Cases/Main Test Cases/testdata FAILED because (of) groovy.lang.MissingMethodException: No signature of method: static com.kms.katalon.core.webui.keyword.WebUiBuiltInKeywords.setText() is applicable for argument types: (com.kms.katalon.core.testobject.TestObject, java.lang.String, java.lang.Integer) values: [TestObject - 'Object Repository/Page_Login  Salesforce/input_username', ...]
Possible solutions: setText(com.kms.katalon.core.testobject.TestObject, java.lang.String), setText(com.kms.katalon.core.testobject.TestObject, java.lang.String, com.kms.katalon.core.model.FailureHandling), getText(com.kms.katalon.core.testobject.TestObject), getText(com.kms.katalon.core.testobject.TestObject, com.kms.katalon.core.model.FailureHandling)"/>
         <system-out><![CDATA[2018-02-22 13:47:54 - [TEST_CASE][ERROR] - Test Cases/Main Test Cases/testdata: Test Cases/Main Test Cases/testdata FAILED because (of) groovy.lang.MissingMethodException: No signature of method: static com.kms.katalon.core.webui.keyword.WebUiBuiltInKeywords.setText() is applicable for argument types: (com.kms.katalon.core.testobject.TestObject, java.lang.String, java.lang.Integer) values: [TestObject - 'Object Repository/Page_Login  Salesforce/input_username', ...]
Possible solutions: setText(com.kms.katalon.core.testobject.TestObject, java.lang.String), setText(com.kms.katalon.core.testobject.TestObject, java.lang.String, com.kms.katalon.core.model.FailureHandling), getText(com.kms.katalon.core.testobject.TestObject), getText(com.kms.katalon.core.testobject.TestObject, com.kms.katalon.core.model.FailureHandling)

2018-02-22 13:47:54 - [TEST_STEP][PASSED] - Statement - data = com.kms.katalon.core.testdata.TestDataFactory.findTestData(data): Reading excel file with source file 'C:\Users\bashah\Documents\data.xlsx' and sheet name 'Sheet1'

2018-02-22 13:47:54 - [TEST_STEP][PASSED] - Statement - For (def index : (0..(data.getRowNumbers() - 1))): Finding Test Object with id 'Object Repository/Page_Login  Salesforce/input_username'

2018-02-22 13:47:54 - [TEST_STEP][PASSED] - openBrowser: Browser is opened with url: ''

2018-02-22 13:47:54 - [MESSAGE][WARNING] - A browser is already opened. Closing browser and opening a new one

2018-02-22 13:48:02 - [MESSAGE][PASSED] - Browser is opened with url: ''

2018-02-22 13:48:02 - [TEST_STEP][PASSED] - navigateToUrl: Navigate to 'https://myapplications--devfull.cs93.my.salesforce.com/' successfully

2018-02-22 13:48:06 - [MESSAGE][PASSED] - Navigate to 'https://myapplications--devfull.cs93.my.salesforce.com/' successfully

2018-02-22 13:48:06 - [TEST_STEP][PASSED] - doubleClick: Object: 'Object Repository/Page_Login  Salesforce/input_username' is double clicked on

2018-02-22 13:48:06 - [MESSAGE][PASSED] - Object: 'Object Repository/Page_Login  Salesforce/input_username' is double clicked on

2018-02-22 13:48:06 - [TEST_STEP][PASSED] - doubleClick: Object: 'Object Repository/Page_Login  Salesforce/input_username' is double clicked on

2018-02-22 13:48:07 - [MESSAGE][PASSED] - Object: 'Object Repository/Page_Login  Salesforce/input_username' is double clicked on

2018-02-22 13:48:07 - [TEST_STEP][PASSED] - setText: Finding Test Object with id 'Object Repository/Page_Login  Salesforce/input_username']]></system-out>
         <system-err><![CDATA[2018-02-22 13:47:54 - [TEST_CASE][ERROR] - Test Cases/Main Test Cases/testdata: Test Cases/Main Test Cases/testdata FAILED because (of) groovy.lang.MissingMethodException: No signature of method: static com.kms.katalon.core.webui.keyword.WebUiBuiltInKeywords.setText() is applicable for argument types: (com.kms.katalon.core.testobject.TestObject, java.lang.String, java.lang.Integer) values: [TestObject - 'Object Repository/Page_Login  Salesforce/input_username', ...]
Possible solutions: setText(com.kms.katalon.core.testobject.TestObject, java.lang.String), setText(com.kms.katalon.core.testobject.TestObject, java.lang.String, com.kms.katalon.core.model.FailureHandling), getText(com.kms.katalon.core.testobject.TestObject), getText(com.kms.katalon.core.testobject.TestObject, com.kms.katalon.core.model.FailureHandling)]]></system-err>
      </testcase>
      <system-out><![CDATA[2018-02-22 13:47:22 - [TEST_SUITE][ERROR] - Demo: Test Cases/Main Test Cases/testdata FAILED because (of) groovy.lang.MissingMethodException: No signature of method: static com.kms.katalon.core.webui.keyword.WebUiBuiltInKeywords.setText() is applicable for argument types: (com.kms.katalon.core.testobject.TestObject, java.lang.String, java.lang.Integer) values: [TestObject - 'Object Repository/Page_Login  Salesforce/input_username', ...]
Possible solutions: setText(com.kms.katalon.core.testobject.TestObject, java.lang.String), setText(com.kms.katalon.core.testobject.TestObject, java.lang.String, com.kms.katalon.core.model.FailureHandling), getText(com.kms.katalon.core.testobject.TestObject), getText(com.kms.katalon.core.testobject.TestObject, com.kms.katalon.core.model.FailureHandling)]]></system-out>
      <system-err><![CDATA[2018-02-22 13:47:22 - [TEST_SUITE][ERROR] - Demo: Test Cases/Main Test Cases/testdata FAILED because (of) groovy.lang.MissingMethodException: No signature of method: static com.kms.katalon.core.webui.keyword.WebUiBuiltInKeywords.setText() is applicable for argument types: (com.kms.katalon.core.testobject.TestObject, java.lang.String, java.lang.Integer) values: [TestObject - 'Object Repository/Page_Login  Salesforce/input_username', ...]
Possible solutions: setText(com.kms.katalon.core.testobject.TestObject, java.lang.String), setText(com.kms.katalon.core.testobject.TestObject, java.lang.String, com.kms.katalon.core.model.FailureHandling), getText(com.kms.katalon.core.testobject.TestObject), getText(com.kms.katalon.core.testobject.TestObject, com.kms.katalon.core.model.FailureHandling)]]></system-err>
   </testsuite>
</testsuites>
