{"devicePlatform":"","logFolder":"C:\\Users\\bashah\\Katalon Studio\\TestdataAutomation\\Reports\\Demo\\20180222_132739","runData":{"hostName":"bashah - L005401.Apttus.local","hostAddress":"10.13.10.136","os":"Windows 10 64bit","katalonVersion":"5.3.0.1"},"type":"TEST_SUITE","name":"Demo","id":"Test Suites/Demo","source":"","message":"Test Cases/Main Test Cases/testdata FAILED because (of) java.lang.IllegalArgumentException: Cannot find test data with id \u0027Data Files/data\u0027 because (of) \u0027java.lang.IllegalArgumentException: Test data with id \u0027Data Files/data\u0027 does not exist\u0027","description":"","startTime":1519286263691,"endTime":1519286265582,"childRecords":[{"isOptional":false,"type":"TEST_CASE","name":"Test Cases/Main Test Cases/testdata","id":"Test Cases/Main Test Cases/testdata","source":"C:\\\\Users\\\\bashah\\\\Katalon Studio\\\\TestdataAutomation\\\\Test Cases\\\\Main Test Cases\\\\testdata.tc","message":"Test Cases/Main Test Cases/testdata FAILED because (of) java.lang.IllegalArgumentException: Cannot find test data with id \u0027Data Files/data\u0027 because (of) \u0027java.lang.IllegalArgumentException: Test data with id \u0027Data Files/data\u0027 does not exist\u0027","description":"","startTime":1519286264239,"endTime":1519286265066,"childRecords":[{"testStatus":{"stackTrace":"","statusValue":"INFO"},"type":"MESSAGE","name":"","message":"Evaluating variables for test case","startTime":1519286264302,"endTime":0,"childRecords":[],"interuppted":false},{"testStatus":{"stackTrace":"","statusValue":"INFO"},"type":"MESSAGE","name":"","message":"Variable \u0027demo_usn\u0027 is set to legalowner@apttus.com.osf.devfull as default","startTime":1519286264442,"endTime":0,"childRecords":[],"interuppted":false},{"testStatus":{"stackTrace":"","statusValue":"INFO"},"type":"MESSAGE","name":"","message":"Variable \u0027demo_pass\u0027 is set to Admin@201699 as default","startTime":1519286264475,"endTime":0,"childRecords":[],"interuppted":false},{"testStatus":{"stackTrace":"","statusValue":"INFO"},"type":"MESSAGE","name":"","message":"Variable \u0027agreement_name\u0027 is set to testagreement","startTime":1519286264477,"endTime":0,"childRecords":[],"interuppted":false},{"index":1,"isIgnoredIfFailed":false,"type":"TEST_STEP","name":"Statement - data \u003d com.kms.katalon.core.testdata.TestDataFactory.findTestData(data)","message":"Finding test data with id \u0027Data Files/data\u0027","description":"","startTime":1519286265016,"endTime":1519286265046,"childRecords":[],"interuppted":false},{"testStatus":{"stackTrace":"","statusValue":"ERROR"},"type":"MESSAGE","name":"","message":"Test Cases/Main Test Cases/testdata FAILED because (of) java.lang.IllegalArgumentException: Cannot find test data with id \u0027Data Files/data\u0027 because (of) \u0027java.lang.IllegalArgumentException: Test data with id \u0027Data Files/data\u0027 does not exist\u0027","startTime":1519286265048,"endTime":0,"childRecords":[],"interuppted":false}],"interuppted":false},{"isOptional":false,"type":"TEST_CASE","name":"Test Cases/Main Test Cases/testdata","id":"Test Cases/Main Test Cases/testdata","source":"C:\\\\Users\\\\bashah\\\\Katalon Studio\\\\TestdataAutomation\\\\Test Cases\\\\Main Test Cases\\\\testdata.tc","message":"Test Cases/Main Test Cases/testdata FAILED because (of) java.lang.IllegalArgumentException: Cannot find test data with id \u0027Data Files/data\u0027 because (of) \u0027java.lang.IllegalArgumentException: Test data with id \u0027Data Files/data\u0027 does not exist\u0027","description":"","startTime":1519286265072,"endTime":1519286265297,"childRecords":[{"testStatus":{"stackTrace":"","statusValue":"INFO"},"type":"MESSAGE","name":"","message":"Evaluating variables for test case","startTime":1519286265242,"endTime":0,"childRecords":[],"interuppted":false},{"testStatus":{"stackTrace":"","statusValue":"INFO"},"type":"MESSAGE","name":"","message":"Variable \u0027demo_usn\u0027 is set to legalowner@apttus.com.osf.devfull as default","startTime":1519286265270,"endTime":0,"childRecords":[],"interuppted":false},{"testStatus":{"stackTrace":"","statusValue":"INFO"},"type":"MESSAGE","name":"","message":"Variable \u0027demo_pass\u0027 is set to Admin@201699 as default","startTime":1519286265288,"endTime":0,"childRecords":[],"interuppted":false},{"testStatus":{"stackTrace":"","statusValue":"INFO"},"type":"MESSAGE","name":"","message":"Variable \u0027agreement_name\u0027 is set to testagreement2","startTime":1519286265289,"endTime":0,"childRecords":[],"interuppted":false},{"index":1,"isIgnoredIfFailed":false,"type":"TEST_STEP","name":"Statement - data \u003d com.kms.katalon.core.testdata.TestDataFactory.findTestData(data)","message":"Finding test data with id \u0027Data Files/data\u0027","description":"","startTime":1519286265292,"endTime":1519286265294,"childRecords":[],"interuppted":false},{"testStatus":{"stackTrace":"","statusValue":"ERROR"},"type":"MESSAGE","name":"","message":"Test Cases/Main Test Cases/testdata FAILED because (of) java.lang.IllegalArgumentException: Cannot find test data with id \u0027Data Files/data\u0027 because (of) \u0027java.lang.IllegalArgumentException: Test data with id \u0027Data Files/data\u0027 does not exist\u0027","startTime":1519286265295,"endTime":0,"childRecords":[],"interuppted":false}],"interuppted":false},{"isOptional":false,"type":"TEST_CASE","name":"Test Cases/Main Test Cases/testdata","id":"Test Cases/Main Test Cases/testdata","source":"C:\\\\Users\\\\bashah\\\\Katalon Studio\\\\TestdataAutomation\\\\Test Cases\\\\Main Test Cases\\\\testdata.tc","message":"Test Cases/Main Test Cases/testdata FAILED because (of) java.lang.IllegalArgumentException: Cannot find test data with id \u0027Data Files/data\u0027 because (of) \u0027java.lang.IllegalArgumentException: Test data with id \u0027Data Files/data\u0027 does not exist\u0027","description":"","startTime":1519286265308,"endTime":1519286265452,"childRecords":[{"testStatus":{"stackTrace":"","statusValue":"INFO"},"type":"MESSAGE","name":"","message":"Evaluating variables for test case","startTime":1519286265339,"endTime":0,"childRecords":[],"interuppted":false},{"testStatus":{"stackTrace":"","statusValue":"INFO"},"type":"MESSAGE","name":"","message":"Variable \u0027demo_usn\u0027 is set to legalowner@apttus.com.osf.devfull as default","startTime":1519286265393,"endTime":0,"childRecords":[],"interuppted":false},{"testStatus":{"stackTrace":"","statusValue":"INFO"},"type":"MESSAGE","name":"","message":"Variable \u0027demo_pass\u0027 is set to Admin@201699 as default","startTime":1519286265434,"endTime":0,"childRecords":[],"interuppted":false},{"testStatus":{"stackTrace":"","statusValue":"INFO"},"type":"MESSAGE","name":"","message":"Variable \u0027agreement_name\u0027 is set to testagreement3","startTime":1519286265443,"endTime":0,"childRecords":[],"interuppted":false},{"index":1,"isIgnoredIfFailed":false,"type":"TEST_STEP","name":"Statement - data \u003d com.kms.katalon.core.testdata.TestDataFactory.findTestData(data)","message":"Finding test data with id \u0027Data Files/data\u0027","description":"","startTime":1519286265446,"endTime":1519286265449,"childRecords":[],"interuppted":false},{"testStatus":{"stackTrace":"","statusValue":"ERROR"},"type":"MESSAGE","name":"","message":"Test Cases/Main Test Cases/testdata FAILED because (of) java.lang.IllegalArgumentException: Cannot find test data with id \u0027Data Files/data\u0027 because (of) \u0027java.lang.IllegalArgumentException: Test data with id \u0027Data Files/data\u0027 does not exist\u0027","startTime":1519286265450,"endTime":0,"childRecords":[],"interuppted":false}],"interuppted":false}],"interuppted":false}