{"devicePlatform":"","logFolder":"C:\\Users\\bashah\\Katalon Studio\\TestdataAutomation\\Reports\\Demo\\20180222_132749","runData":{"hostName":"bashah - L005401.Apttus.local","hostAddress":"10.13.10.136","os":"Windows 10 64bit","katalonVersion":"5.3.0.1"},"type":"TEST_SUITE","name":"Demo","id":"Test Suites/Demo","source":"","message":"Test Cases/Main Test Cases/testdata FAILED because (of) java.lang.IllegalArgumentException: Cannot find test data with id \u0027Data Files/data\u0027 because (of) \u0027java.lang.IllegalArgumentException: Test data with id \u0027Data Files/data\u0027 does not exist\u0027","description":"","startTime":1519286274415,"endTime":1519286278223,"childRecords":[{"isOptional":false,"type":"TEST_CASE","name":"Test Cases/Main Test Cases/testdata","id":"Test Cases/Main Test Cases/testdata","source":"C:\\\\Users\\\\bashah\\\\Katalon Studio\\\\TestdataAutomation\\\\Test Cases\\\\Main Test Cases\\\\testdata.tc","message":"Test Cases/Main Test Cases/testdata FAILED because (of) java.lang.IllegalArgumentException: Cannot find test data with id \u0027Data Files/data\u0027 because (of) \u0027java.lang.IllegalArgumentException: Test data with id \u0027Data Files/data\u0027 does not exist\u0027","description":"","startTime":1519286275372,"endTime":1519286277102,"childRecords":[{"testStatus":{"stackTrace":"","statusValue":"INFO"},"type":"MESSAGE","name":"","message":"Evaluating variables for test case","startTime":1519286275426,"endTime":0,"childRecords":[],"interuppted":false},{"testStatus":{"stackTrace":"","statusValue":"INFO"},"type":"MESSAGE","name":"","message":"Variable \u0027demo_usn\u0027 is set to legalowner@apttus.com.osf.devfull as default","startTime":1519286275659,"endTime":0,"childRecords":[],"interuppted":false},{"testStatus":{"stackTrace":"","statusValue":"INFO"},"type":"MESSAGE","name":"","message":"Variable \u0027demo_pass\u0027 is set to Admin@201699 as default","startTime":1519286275687,"endTime":0,"childRecords":[],"interuppted":false},{"testStatus":{"stackTrace":"","statusValue":"INFO"},"type":"MESSAGE","name":"","message":"Variable \u0027agreement_name\u0027 is set to testagreement","startTime":1519286275688,"endTime":0,"childRecords":[],"interuppted":false},{"index":1,"isIgnoredIfFailed":false,"type":"TEST_STEP","name":"Statement - data \u003d com.kms.katalon.core.testdata.TestDataFactory.findTestData(data)","message":"Finding test data with id \u0027Data Files/data\u0027","description":"","startTime":1519286277074,"endTime":1519286277098,"childRecords":[],"interuppted":false},{"testStatus":{"stackTrace":"","statusValue":"ERROR"},"type":"MESSAGE","name":"","message":"Test Cases/Main Test Cases/testdata FAILED because (of) java.lang.IllegalArgumentException: Cannot find test data with id \u0027Data Files/data\u0027 because (of) \u0027java.lang.IllegalArgumentException: Test data with id \u0027Data Files/data\u0027 does not exist\u0027","startTime":1519286277099,"endTime":0,"childRecords":[],"interuppted":false}],"interuppted":false},{"isOptional":false,"type":"TEST_CASE","name":"Test Cases/Main Test Cases/testdata","id":"Test Cases/Main Test Cases/testdata","source":"C:\\\\Users\\\\bashah\\\\Katalon Studio\\\\TestdataAutomation\\\\Test Cases\\\\Main Test Cases\\\\testdata.tc","message":"Test Cases/Main Test Cases/testdata FAILED because (of) java.lang.IllegalArgumentException: Cannot find test data with id \u0027Data Files/data\u0027 because (of) \u0027java.lang.IllegalArgumentException: Test data with id \u0027Data Files/data\u0027 does not exist\u0027","description":"","startTime":1519286277108,"endTime":1519286277517,"childRecords":[{"testStatus":{"stackTrace":"","statusValue":"INFO"},"type":"MESSAGE","name":"","message":"Evaluating variables for test case","startTime":1519286277269,"endTime":0,"childRecords":[],"interuppted":false},{"testStatus":{"stackTrace":"","statusValue":"INFO"},"type":"MESSAGE","name":"","message":"Variable \u0027demo_usn\u0027 is set to legalowner@apttus.com.osf.devfull as default","startTime":1519286277322,"endTime":0,"childRecords":[],"interuppted":false},{"testStatus":{"stackTrace":"","statusValue":"INFO"},"type":"MESSAGE","name":"","message":"Variable \u0027demo_pass\u0027 is set to Admin@201699 as default","startTime":1519286277491,"endTime":0,"childRecords":[],"interuppted":false},{"testStatus":{"stackTrace":"","statusValue":"INFO"},"type":"MESSAGE","name":"","message":"Variable \u0027agreement_name\u0027 is set to testagreement2","startTime":1519286277492,"endTime":0,"childRecords":[],"interuppted":false},{"index":1,"isIgnoredIfFailed":false,"type":"TEST_STEP","name":"Statement - data \u003d com.kms.katalon.core.testdata.TestDataFactory.findTestData(data)","message":"Finding test data with id \u0027Data Files/data\u0027","description":"","startTime":1519286277497,"endTime":1519286277514,"childRecords":[],"interuppted":false},{"testStatus":{"stackTrace":"","statusValue":"ERROR"},"type":"MESSAGE","name":"","message":"Test Cases/Main Test Cases/testdata FAILED because (of) java.lang.IllegalArgumentException: Cannot find test data with id \u0027Data Files/data\u0027 because (of) \u0027java.lang.IllegalArgumentException: Test data with id \u0027Data Files/data\u0027 does not exist\u0027","startTime":1519286277514,"endTime":0,"childRecords":[],"interuppted":false}],"interuppted":false},{"isOptional":false,"type":"TEST_CASE","name":"Test Cases/Main Test Cases/testdata","id":"Test Cases/Main Test Cases/testdata","source":"C:\\\\Users\\\\bashah\\\\Katalon Studio\\\\TestdataAutomation\\\\Test Cases\\\\Main Test Cases\\\\testdata.tc","message":"Test Cases/Main Test Cases/testdata FAILED because (of) java.lang.IllegalArgumentException: Cannot find test data with id \u0027Data Files/data\u0027 because (of) \u0027java.lang.IllegalArgumentException: Test data with id \u0027Data Files/data\u0027 does not exist\u0027","description":"","startTime":1519286277530,"endTime":1519286277998,"childRecords":[{"testStatus":{"stackTrace":"","statusValue":"INFO"},"type":"MESSAGE","name":"","message":"Evaluating variables for test case","startTime":1519286277956,"endTime":0,"childRecords":[],"interuppted":false},{"testStatus":{"stackTrace":"","statusValue":"INFO"},"type":"MESSAGE","name":"","message":"Variable \u0027demo_usn\u0027 is set to legalowner@apttus.com.osf.devfull as default","startTime":1519286277976,"endTime":0,"childRecords":[],"interuppted":false},{"testStatus":{"stackTrace":"","statusValue":"INFO"},"type":"MESSAGE","name":"","message":"Variable \u0027demo_pass\u0027 is set to Admin@201699 as default","startTime":1519286277988,"endTime":0,"childRecords":[],"interuppted":false},{"testStatus":{"stackTrace":"","statusValue":"INFO"},"type":"MESSAGE","name":"","message":"Variable \u0027agreement_name\u0027 is set to testagreement3","startTime":1519286277989,"endTime":0,"childRecords":[],"interuppted":false},{"index":1,"isIgnoredIfFailed":false,"type":"TEST_STEP","name":"Statement - data \u003d com.kms.katalon.core.testdata.TestDataFactory.findTestData(data)","message":"Finding test data with id \u0027Data Files/data\u0027","description":"","startTime":1519286277992,"endTime":1519286277995,"childRecords":[],"interuppted":false},{"testStatus":{"stackTrace":"","statusValue":"ERROR"},"type":"MESSAGE","name":"","message":"Test Cases/Main Test Cases/testdata FAILED because (of) java.lang.IllegalArgumentException: Cannot find test data with id \u0027Data Files/data\u0027 because (of) \u0027java.lang.IllegalArgumentException: Test data with id \u0027Data Files/data\u0027 does not exist\u0027","startTime":1519286277996,"endTime":0,"childRecords":[],"interuppted":false}],"interuppted":false}],"interuppted":false}